<?xml version="1.0" encoding="UTF-8"?>
<coverage generated="1741169263413" clover="3.2.0">
  <project timestamp="1741169263413" name="All files">
    <metrics statements="62" coveredstatements="40" conditionals="31" coveredconditionals="20" methods="25" coveredmethods="14" elements="118" coveredelements="74" complexity="0" loc="62" ncloc="62" packages="3" files="12" classes="12"/>
    <package name="list">
      <metrics statements="12" coveredstatements="12" conditionals="11" coveredconditionals="11" methods="4" coveredmethods="4"/>
      <file name="ListContainer.tsx" path="/Users/luru/Developer/todo-react/frontend/src/pods/list/ListContainer.tsx">
        <metrics statements="9" coveredstatements="9" conditionals="9" coveredconditionals="9" methods="3" coveredmethods="3"/>
        <line num="8" count="1" type="stmt"/>
        <line num="9" count="4" type="stmt"/>
        <line num="11" count="4" type="stmt"/>
        <line num="24" count="1" type="stmt"/>
        <line num="25" count="4" type="stmt"/>
        <line num="28" count="2" type="stmt"/>
        <line num="32" count="2" type="cond" truecount="2" falsecount="0"/>
        <line num="33" count="1" type="stmt"/>
        <line num="36" count="1" type="stmt"/>
      </file>
      <file name="model.ts" path="/Users/luru/Developer/todo-react/frontend/src/pods/list/model.ts">
        <metrics statements="3" coveredstatements="3" conditionals="2" coveredconditionals="2" methods="1" coveredmethods="1"/>
        <line num="7" count="1" type="cond" truecount="2" falsecount="0"/>
        <line num="8" count="1" type="stmt"/>
        <line num="9" count="1" type="stmt"/>
      </file>
    </package>
    <package name="list.components">
      <metrics statements="26" coveredstatements="19" conditionals="14" coveredconditionals="9" methods="12" coveredmethods="7"/>
      <file name="DeleteButton.tsx" path="/Users/luru/Developer/todo-react/frontend/src/pods/list/components/DeleteButton.tsx">
        <metrics statements="3" coveredstatements="2" conditionals="0" coveredconditionals="0" methods="2" coveredmethods="1"/>
        <line num="8" count="1" type="stmt"/>
        <line num="9" count="3" type="stmt"/>
        <line num="11" count="0" type="stmt"/>
      </file>
      <file name="List.tsx" path="/Users/luru/Developer/todo-react/frontend/src/pods/list/components/List.tsx">
        <metrics statements="3" coveredstatements="3" conditionals="0" coveredconditionals="0" methods="2" coveredmethods="2"/>
        <line num="9" count="1" type="stmt"/>
        <line num="10" count="1" type="stmt"/>
        <line num="13" count="3" type="stmt"/>
      </file>
      <file name="Spinner.tsx" path="/Users/luru/Developer/todo-react/frontend/src/pods/list/components/Spinner.tsx">
        <metrics statements="2" coveredstatements="2" conditionals="0" coveredconditionals="0" methods="1" coveredmethods="1"/>
        <line num="1" count="1" type="stmt"/>
        <line num="2" count="2" type="stmt"/>
      </file>
      <file name="Title.tsx" path="/Users/luru/Developer/todo-react/frontend/src/pods/list/components/Title.tsx">
        <metrics statements="2" coveredstatements="2" conditionals="0" coveredconditionals="0" methods="1" coveredmethods="1"/>
        <line num="1" count="1" type="stmt"/>
        <line num="2" count="4" type="stmt"/>
      </file>
      <file name="Todo.tsx" path="/Users/luru/Developer/todo-react/frontend/src/pods/list/components/Todo.tsx">
        <metrics statements="6" coveredstatements="4" conditionals="10" coveredconditionals="7" methods="3" coveredmethods="1"/>
        <line num="12" count="1" type="stmt"/>
        <line num="14" count="3" type="stmt"/>
        <line num="16" count="3" type="stmt"/>
        <line num="18" count="3" type="stmt"/>
        <line num="30" count="0" type="stmt"/>
        <line num="56" count="0" type="stmt"/>
      </file>
      <file name="TodoForm.tsx" path="/Users/luru/Developer/todo-react/frontend/src/pods/list/components/TodoForm.tsx">
        <metrics statements="8" coveredstatements="5" conditionals="4" coveredconditionals="2" methods="2" coveredmethods="1"/>
        <line num="7" count="1" type="stmt"/>
        <line num="8" count="4" type="stmt"/>
        <line num="14" count="4" type="stmt"/>
        <line num="16" count="4" type="stmt"/>
        <line num="17" count="0" type="stmt"/>
        <line num="18" count="0" type="stmt"/>
        <line num="23" count="0" type="stmt"/>
        <line num="26" count="4" type="stmt"/>
      </file>
      <file name="TodoSpinner.tsx" path="/Users/luru/Developer/todo-react/frontend/src/pods/list/components/TodoSpinner.tsx">
        <metrics statements="2" coveredstatements="1" conditionals="0" coveredconditionals="0" methods="1" coveredmethods="0"/>
        <line num="1" count="1" type="stmt"/>
        <line num="2" count="0" type="stmt"/>
      </file>
    </package>
    <package name="list.hooks">
      <metrics statements="24" coveredstatements="9" conditionals="6" coveredconditionals="0" methods="9" coveredmethods="3"/>
      <file name="useAddTodo.tsx" path="/Users/luru/Developer/todo-react/frontend/src/pods/list/hooks/useAddTodo.tsx">
        <metrics statements="8" coveredstatements="3" conditionals="2" coveredconditionals="0" methods="3" coveredmethods="1"/>
        <line num="4" count="1" type="stmt"/>
        <line num="5" count="4" type="stmt"/>
        <line num="6" count="4" type="stmt"/>
        <line num="8" count="0" type="stmt"/>
        <line num="16" count="0" type="cond" truecount="0" falsecount="2"/>
        <line num="17" count="0" type="stmt"/>
        <line num="20" count="0" type="stmt"/>
        <line num="23" count="0" type="stmt"/>
      </file>
      <file name="useDeleteTodo.tsx" path="/Users/luru/Developer/todo-react/frontend/src/pods/list/hooks/useDeleteTodo.tsx">
        <metrics statements="8" coveredstatements="3" conditionals="2" coveredconditionals="0" methods="3" coveredmethods="1"/>
        <line num="3" count="1" type="stmt"/>
        <line num="4" count="3" type="stmt"/>
        <line num="5" count="3" type="stmt"/>
        <line num="7" count="0" type="stmt"/>
        <line num="11" count="0" type="cond" truecount="0" falsecount="2"/>
        <line num="12" count="0" type="stmt"/>
        <line num="15" count="0" type="stmt"/>
        <line num="18" count="0" type="stmt"/>
      </file>
      <file name="useUpdateTodo.tsx" path="/Users/luru/Developer/todo-react/frontend/src/pods/list/hooks/useUpdateTodo.tsx">
        <metrics statements="8" coveredstatements="3" conditionals="2" coveredconditionals="0" methods="3" coveredmethods="1"/>
        <line num="4" count="1" type="stmt"/>
        <line num="5" count="3" type="stmt"/>
        <line num="6" count="3" type="stmt"/>
        <line num="8" count="0" type="stmt"/>
        <line num="16" count="0" type="cond" truecount="0" falsecount="2"/>
        <line num="17" count="0" type="stmt"/>
        <line num="20" count="0" type="stmt"/>
        <line num="23" count="0" type="stmt"/>
      </file>
    </package>
  </project>
</coverage>
