{"/Users/luru/Developer/todo-react/frontend/src/pods/list/ListContainer.tsx": {"path":"/Users/luru/Developer/todo-react/frontend/src/pods/list/ListContainer.tsx","statementMap":{"0":{"start":{"line":8,"column":29},"end":{"line":22,"column":null}},"1":{"start":{"line":9,"column":46},"end":{"line":9,"column":null}},"2":{"start":{"line":11,"column":2},"end":{"line":20,"column":null}},"3":{"start":{"line":24,"column":20},"end":{"line":39,"column":null}},"4":{"start":{"line":25,"column":2},"end":{"line":38,"column":null}},"5":{"start":{"line":28,"column":23},"end":{"line":30,"column":null}},"6":{"start":{"line":32,"column":6},"end":{"line":34,"column":null}},"7":{"start":{"line":33,"column":8},"end":{"line":33,"column":null}},"8":{"start":{"line":36,"column":6},"end":{"line":36,"column":null}}},"fnMap":{"0":{"name":"(anonymous_0)","decl":{"start":{"line":8,"column":29},"end":{"line":8,"column":35}},"loc":{"start":{"line":8,"column":35},"end":{"line":22,"column":null}}},"1":{"name":"(anonymous_1)","decl":{"start":{"line":24,"column":20},"end":{"line":24,"column":26}},"loc":{"start":{"line":24,"column":26},"end":{"line":39,"column":null}}},"2":{"name":"(anonymous_2)","decl":{"start":{"line":27,"column":13},"end":{"line":27,"column":25}},"loc":{"start":{"line":27,"column":25},"end":{"line":37,"column":null}}}},"branchMap":{"0":{"loc":{"start":{"line":16,"column":9},"end":{"line":16,"column":null}},"type":"binary-expr","locations":[{"start":{"line":16,"column":9},"end":{"line":16,"column":22}},{"start":{"line":16,"column":22},"end":{"line":16,"column":null}}]},"1":{"loc":{"start":{"line":17,"column":9},"end":{"line":17,"column":null}},"type":"binary-expr","locations":[{"start":{"line":17,"column":9},"end":{"line":17,"column":20}},{"start":{"line":17,"column":20},"end":{"line":17,"column":null}}]},"2":{"loc":{"start":{"line":18,"column":9},"end":{"line":18,"column":null}},"type":"binary-expr","locations":[{"start":{"line":18,"column":9},"end":{"line":18,"column":23}},{"start":{"line":18,"column":23},"end":{"line":18,"column":35}},{"start":{"line":18,"column":35},"end":{"line":18,"column":null}}]},"3":{"loc":{"start":{"line":32,"column":6},"end":{"line":34,"column":null}},"type":"if","locations":[{"start":{"line":32,"column":6},"end":{"line":34,"column":null}},{"start":{},"end":{}}]}},"s":{"0":1,"1":4,"2":4,"3":1,"4":4,"5":2,"6":2,"7":1,"8":1},"f":{"0":4,"1":4,"2":2},"b":{"0":[4,2],"1":[4,1],"2":[4,2,1],"3":[1,1]}}
,"/Users/luru/Developer/todo-react/frontend/src/pods/list/model.ts": {"path":"/Users/luru/Developer/todo-react/frontend/src/pods/list/model.ts","statementMap":{"0":{"start":{"line":7,"column":7},"end":{"line":7,"column":null}},"1":{"start":{"line":8,"column":2},"end":{"line":8,"column":null}},"2":{"start":{"line":9,"column":2},"end":{"line":9,"column":null}},"3":{"start":{"line":7,"column":12},"end":{"line":7,"column":null}}},"fnMap":{"0":{"name":"(anonymous_0)","decl":{"start":{"line":7,"column":7},"end":{"line":7,"column":12}},"loc":{"start":{"line":7,"column":7},"end":{"line":7,"column":null}}}},"branchMap":{"0":{"loc":{"start":{"line":7,"column":12},"end":{"line":7,"column":null}},"type":"binary-expr","locations":[{"start":{"line":7,"column":12},"end":{"line":7,"column":null}},{"start":{"line":7,"column":12},"end":{"line":7,"column":null}}]}},"s":{"0":1,"1":1,"2":1,"3":1},"f":{"0":1},"b":{"0":[1,1]}}
,"/Users/luru/Developer/todo-react/frontend/src/pods/list/components/DeleteButton.tsx": {"path":"/Users/luru/Developer/todo-react/frontend/src/pods/list/components/DeleteButton.tsx","statementMap":{"0":{"start":{"line":8,"column":28},"end":{"line":32,"column":null}},"1":{"start":{"line":9,"column":2},"end":{"line":30,"column":null}},"2":{"start":{"line":11,"column":21},"end":{"line":11,"column":null}}},"fnMap":{"0":{"name":"(anonymous_0)","decl":{"start":{"line":8,"column":28},"end":{"line":8,"column":29}},"loc":{"start":{"line":8,"column":68},"end":{"line":32,"column":null}}},"1":{"name":"(anonymous_1)","decl":{"start":{"line":11,"column":15},"end":{"line":11,"column":21}},"loc":{"start":{"line":11,"column":21},"end":{"line":11,"column":null}}}},"branchMap":{},"s":{"0":1,"1":3,"2":0},"f":{"0":3,"1":0},"b":{}}
,"/Users/luru/Developer/todo-react/frontend/src/pods/list/components/List.tsx": {"path":"/Users/luru/Developer/todo-react/frontend/src/pods/list/components/List.tsx","statementMap":{"0":{"start":{"line":9,"column":20},"end":{"line":17,"column":null}},"1":{"start":{"line":10,"column":2},"end":{"line":15,"column":null}},"2":{"start":{"line":13,"column":8},"end":{"line":13,"column":null}}},"fnMap":{"0":{"name":"(anonymous_0)","decl":{"start":{"line":9,"column":20},"end":{"line":9,"column":21}},"loc":{"start":{"line":9,"column":46},"end":{"line":17,"column":null}}},"1":{"name":"(anonymous_1)","decl":{"start":{"line":12,"column":17},"end":{"line":12,"column":18}},"loc":{"start":{"line":12,"column":27},"end":{"line":14,"column":7}}}},"branchMap":{},"s":{"0":1,"1":1,"2":3},"f":{"0":1,"1":3},"b":{}}
,"/Users/luru/Developer/todo-react/frontend/src/pods/list/components/Spinner.tsx": {"path":"/Users/luru/Developer/todo-react/frontend/src/pods/list/components/Spinner.tsx","statementMap":{"0":{"start":{"line":1,"column":23},"end":{"line":26,"column":null}},"1":{"start":{"line":2,"column":2},"end":{"line":24,"column":null}}},"fnMap":{"0":{"name":"(anonymous_0)","decl":{"start":{"line":1,"column":23},"end":{"line":1,"column":29}},"loc":{"start":{"line":1,"column":29},"end":{"line":26,"column":null}}}},"branchMap":{},"s":{"0":1,"1":2},"f":{"0":2},"b":{}}
,"/Users/luru/Developer/todo-react/frontend/src/pods/list/components/Title.tsx": {"path":"/Users/luru/Developer/todo-react/frontend/src/pods/list/components/Title.tsx","statementMap":{"0":{"start":{"line":1,"column":21},"end":{"line":3,"column":null}},"1":{"start":{"line":2,"column":2},"end":{"line":2,"column":null}}},"fnMap":{"0":{"name":"(anonymous_0)","decl":{"start":{"line":1,"column":21},"end":{"line":1,"column":27}},"loc":{"start":{"line":1,"column":27},"end":{"line":3,"column":null}}}},"branchMap":{},"s":{"0":1,"1":4},"f":{"0":4},"b":{}}
,"/Users/luru/Developer/todo-react/frontend/src/pods/list/components/Todo.tsx": {"path":"/Users/luru/Developer/todo-react/frontend/src/pods/list/components/Todo.tsx","statementMap":{"0":{"start":{"line":12,"column":20},"end":{"line":63,"column":null}},"1":{"start":{"line":14,"column":4},"end":{"line":14,"column":null}},"2":{"start":{"line":16,"column":4},"end":{"line":16,"column":null}},"3":{"start":{"line":18,"column":2},"end":{"line":61,"column":null}},"4":{"start":{"line":30,"column":12},"end":{"line":35,"column":null}},"5":{"start":{"line":56,"column":35},"end":{"line":56,"column":null}}},"fnMap":{"0":{"name":"(anonymous_0)","decl":{"start":{"line":12,"column":20},"end":{"line":12,"column":21}},"loc":{"start":{"line":12,"column":45},"end":{"line":63,"column":null}}},"1":{"name":"(anonymous_1)","decl":{"start":{"line":29,"column":20},"end":{"line":29,"column":21}},"loc":{"start":{"line":30,"column":12},"end":{"line":35,"column":null}}},"2":{"name":"(anonymous_2)","decl":{"start":{"line":56,"column":23},"end":{"line":56,"column":35}},"loc":{"start":{"line":56,"column":35},"end":{"line":56,"column":null}}}},"branchMap":{"0":{"loc":{"start":{"line":32,"column":22},"end":{"line":34,"column":null}},"type":"cond-expr","locations":[{"start":{"line":33,"column":18},"end":{"line":33,"column":null}},{"start":{"line":34,"column":18},"end":{"line":34,"column":null}}]},"1":{"loc":{"start":{"line":42,"column":12},"end":{"line":44,"column":null}},"type":"cond-expr","locations":[{"start":{"line":43,"column":16},"end":{"line":43,"column":null}},{"start":{"line":44,"column":16},"end":{"line":44,"column":null}}]},"2":{"loc":{"start":{"line":51,"column":10},"end":{"line":51,"column":null}},"type":"binary-expr","locations":[{"start":{"line":51,"column":10},"end":{"line":51,"column":24}},{"start":{"line":51,"column":24},"end":{"line":51,"column":39}},{"start":{"line":51,"column":39},"end":{"line":51,"column":null}}]},"3":{"loc":{"start":{"line":52,"column":9},"end":{"line":58,"column":null}},"type":"binary-expr","locations":[{"start":{"line":52,"column":9},"end":{"line":52,"column":24}},{"start":{"line":52,"column":24},"end":{"line":52,"column":null}},{"start":{"line":53,"column":10},"end":{"line":58,"column":null}}]}},"s":{"0":1,"1":3,"2":3,"3":3,"4":0,"5":0},"f":{"0":3,"1":0,"2":0},"b":{"0":[0,0],"1":[1,2],"2":[3,3,0],"3":[3,3,3]}}
,"/Users/luru/Developer/todo-react/frontend/src/pods/list/components/TodoForm.tsx": {"path":"/Users/luru/Developer/todo-react/frontend/src/pods/list/components/TodoForm.tsx","statementMap":{"0":{"start":{"line":7,"column":24},"end":{"line":52,"column":null}},"1":{"start":{"line":8,"column":37},"end":{"line":8,"column":null}},"2":{"start":{"line":14,"column":6},"end":{"line":14,"column":null}},"3":{"start":{"line":16,"column":19},"end":{"line":24,"column":null}},"4":{"start":{"line":17,"column":4},"end":{"line":17,"column":null}},"5":{"start":{"line":18,"column":4},"end":{"line":22,"column":null}},"6":{"start":{"line":23,"column":4},"end":{"line":23,"column":null}},"7":{"start":{"line":26,"column":2},"end":{"line":50,"column":null}}},"fnMap":{"0":{"name":"(anonymous_0)","decl":{"start":{"line":7,"column":24},"end":{"line":7,"column":30}},"loc":{"start":{"line":7,"column":30},"end":{"line":52,"column":null}}},"1":{"name":"(anonymous_1)","decl":{"start":{"line":16,"column":19},"end":{"line":16,"column":20}},"loc":{"start":{"line":16,"column":41},"end":{"line":24,"column":null}}}},"branchMap":{"0":{"loc":{"start":{"line":34,"column":12},"end":{"line":34,"column":null}},"type":"cond-expr","locations":[{"start":{"line":34,"column":26},"end":{"line":34,"column":45}},{"start":{"line":34,"column":45},"end":{"line":34,"column":null}}]},"1":{"loc":{"start":{"line":45,"column":7},"end":{"line":48,"column":null}},"type":"binary-expr","locations":[{"start":{"line":45,"column":7},"end":{"line":45,"column":null}},{"start":{"line":46,"column":8},"end":{"line":48,"column":null}}]}},"s":{"0":1,"1":4,"2":4,"3":4,"4":0,"5":0,"6":0,"7":4},"f":{"0":4,"1":0},"b":{"0":[0,4],"1":[4,0]}}
,"/Users/luru/Developer/todo-react/frontend/src/pods/list/components/TodoSpinner.tsx": {"path":"/Users/luru/Developer/todo-react/frontend/src/pods/list/components/TodoSpinner.tsx","statementMap":{"0":{"start":{"line":1,"column":27},"end":{"line":27,"column":null}},"1":{"start":{"line":2,"column":2},"end":{"line":25,"column":null}}},"fnMap":{"0":{"name":"(anonymous_0)","decl":{"start":{"line":1,"column":27},"end":{"line":1,"column":33}},"loc":{"start":{"line":1,"column":33},"end":{"line":27,"column":null}}}},"branchMap":{},"s":{"0":1,"1":0},"f":{"0":0},"b":{}}
,"/Users/luru/Developer/todo-react/frontend/src/pods/list/hooks/useAddTodo.tsx": {"path":"/Users/luru/Developer/todo-react/frontend/src/pods/list/hooks/useAddTodo.tsx","statementMap":{"0":{"start":{"line":4,"column":26},"end":{"line":26,"column":null}},"1":{"start":{"line":5,"column":22},"end":{"line":5,"column":null}},"2":{"start":{"line":6,"column":2},"end":{"line":25,"column":null}},"3":{"start":{"line":8,"column":23},"end":{"line":14,"column":null}},"4":{"start":{"line":16,"column":6},"end":{"line":18,"column":null}},"5":{"start":{"line":17,"column":8},"end":{"line":17,"column":null}},"6":{"start":{"line":20,"column":6},"end":{"line":20,"column":null}},"7":{"start":{"line":23,"column":6},"end":{"line":23,"column":null}}},"fnMap":{"0":{"name":"(anonymous_0)","decl":{"start":{"line":4,"column":26},"end":{"line":4,"column":32}},"loc":{"start":{"line":4,"column":32},"end":{"line":26,"column":null}}},"1":{"name":"(anonymous_1)","decl":{"start":{"line":7,"column":16},"end":{"line":7,"column":23}},"loc":{"start":{"line":7,"column":44},"end":{"line":21,"column":null}}},"2":{"name":"(anonymous_2)","decl":{"start":{"line":22,"column":15},"end":{"line":22,"column":21}},"loc":{"start":{"line":22,"column":21},"end":{"line":24,"column":null}}}},"branchMap":{"0":{"loc":{"start":{"line":16,"column":6},"end":{"line":18,"column":null}},"type":"if","locations":[{"start":{"line":16,"column":6},"end":{"line":18,"column":null}},{"start":{},"end":{}}]}},"s":{"0":1,"1":4,"2":4,"3":0,"4":0,"5":0,"6":0,"7":0},"f":{"0":4,"1":0,"2":0},"b":{"0":[0,0]}}
,"/Users/luru/Developer/todo-react/frontend/src/pods/list/hooks/useDeleteTodo.tsx": {"path":"/Users/luru/Developer/todo-react/frontend/src/pods/list/hooks/useDeleteTodo.tsx","statementMap":{"0":{"start":{"line":3,"column":29},"end":{"line":21,"column":null}},"1":{"start":{"line":4,"column":22},"end":{"line":4,"column":null}},"2":{"start":{"line":5,"column":2},"end":{"line":20,"column":null}},"3":{"start":{"line":7,"column":23},"end":{"line":9,"column":null}},"4":{"start":{"line":11,"column":6},"end":{"line":13,"column":null}},"5":{"start":{"line":12,"column":8},"end":{"line":12,"column":null}},"6":{"start":{"line":15,"column":6},"end":{"line":15,"column":null}},"7":{"start":{"line":18,"column":6},"end":{"line":18,"column":null}}},"fnMap":{"0":{"name":"(anonymous_0)","decl":{"start":{"line":3,"column":29},"end":{"line":3,"column":35}},"loc":{"start":{"line":3,"column":35},"end":{"line":21,"column":null}}},"1":{"name":"(anonymous_1)","decl":{"start":{"line":6,"column":16},"end":{"line":6,"column":23}},"loc":{"start":{"line":6,"column":38},"end":{"line":16,"column":null}}},"2":{"name":"(anonymous_2)","decl":{"start":{"line":17,"column":15},"end":{"line":17,"column":21}},"loc":{"start":{"line":17,"column":21},"end":{"line":19,"column":null}}}},"branchMap":{"0":{"loc":{"start":{"line":11,"column":6},"end":{"line":13,"column":null}},"type":"if","locations":[{"start":{"line":11,"column":6},"end":{"line":13,"column":null}},{"start":{},"end":{}}]}},"s":{"0":1,"1":3,"2":3,"3":0,"4":0,"5":0,"6":0,"7":0},"f":{"0":3,"1":0,"2":0},"b":{"0":[0,0]}}
,"/Users/luru/Developer/todo-react/frontend/src/pods/list/hooks/useUpdateTodo.tsx": {"path":"/Users/luru/Developer/todo-react/frontend/src/pods/list/hooks/useUpdateTodo.tsx","statementMap":{"0":{"start":{"line":4,"column":29},"end":{"line":26,"column":null}},"1":{"start":{"line":5,"column":22},"end":{"line":5,"column":null}},"2":{"start":{"line":6,"column":2},"end":{"line":25,"column":null}},"3":{"start":{"line":8,"column":23},"end":{"line":14,"column":null}},"4":{"start":{"line":16,"column":6},"end":{"line":18,"column":null}},"5":{"start":{"line":17,"column":8},"end":{"line":17,"column":null}},"6":{"start":{"line":20,"column":6},"end":{"line":20,"column":null}},"7":{"start":{"line":23,"column":6},"end":{"line":23,"column":null}}},"fnMap":{"0":{"name":"(anonymous_0)","decl":{"start":{"line":4,"column":29},"end":{"line":4,"column":35}},"loc":{"start":{"line":4,"column":35},"end":{"line":26,"column":null}}},"1":{"name":"(anonymous_1)","decl":{"start":{"line":7,"column":16},"end":{"line":7,"column":23}},"loc":{"start":{"line":7,"column":44},"end":{"line":21,"column":null}}},"2":{"name":"(anonymous_2)","decl":{"start":{"line":22,"column":15},"end":{"line":22,"column":21}},"loc":{"start":{"line":22,"column":21},"end":{"line":24,"column":null}}}},"branchMap":{"0":{"loc":{"start":{"line":16,"column":6},"end":{"line":18,"column":null}},"type":"if","locations":[{"start":{"line":16,"column":6},"end":{"line":18,"column":null}},{"start":{},"end":{}}]}},"s":{"0":1,"1":3,"2":3,"3":0,"4":0,"5":0,"6":0,"7":0},"f":{"0":3,"1":0,"2":0},"b":{"0":[0,0]}}
}
